app/proguard/seeds.txt
com.spirit.community.activity.R$style: int Widget_AppCompat_ActionButton_Overflow
com.spirit.community.activity.R$styleable: int TextAppearance_android_shadowDy
com.spirit.community.activity.R$styleable: int AnimatedStateListDrawableCompat_android_visible
com.spirit.community.activity.R$attr: int buttonTint
com.spirit.community.activity.R$color: int material_grey_800
com.spirit.community.activity.R$styleable: int Toolbar_subtitle
com.spirit.community.activity.R$attr: int actionModePopupWindowStyle
com.spirit.community.activity.R$style: int Base_V21_Theme_AppCompat_Light_Dialog
com.spirit.community.activity.R$styleable: <clinit>()
com.spirit.community.activity.R$styleable: int AppCompatTheme_actionMenuTextAppearance
com.spirit.community.activity.R$style: int TextAppearance_AppCompat_Widget_Button_Inverse
com.spirit.community.activity.R$style: int Base_Widget_AppCompat_ButtonBar_AlertDialog
com.spirit.community.activity.R$styleable: int AppCompatTheme_actionBarTabStyle
com.spirit.community.activity.R$styleable: int ConstraintSet_android_rotationX
com.spirit.community.activity.R$styleable: int MenuItem_actionProviderClass
com.spirit.community.activity.R$id: int src_in
com.spirit.community.activity.R$style: int Base_Widget_AppCompat_CompoundButton_RadioButton
com.spirit.community.activity.R$style: int RtlOverlay_Widget_AppCompat_PopupMenuItem_Shortcut
com.spirit.community.activity.R$style: int Base_Widget_AppCompat_RatingBar_Small
com.spirit.community.activity.R$dimen: int abc_action_bar_stacked_max_height
com.spirit.community.activity.R$style: int Base_ThemeOverlay_AppCompat_Dark_ActionBar
com.spirit.community.activity.R$styleable: int MenuView_preserveIconSpacing
com.spirit.community.activity.R$style: int Widget_AppCompat_Light_ActionBar_TabBar_Inverse
com.spirit.community.activity.R$attr: int iconTint
com.spirit.community.activity.R$color: R$color()
com.spirit.community.activity.R$styleable: int ConstraintSet_android_visibility
com.spirit.community.activity.R$style: int Base_TextAppearance_AppCompat_Title
com.spirit.community.activity.R$styleable: int MenuItem_contentDescription
com.spirit.community.activity.R$id: int spread_inside
com.spirit.community.activity.R$attr: int thumbTint
com.spirit.community.activity.R$styleable: int Toolbar_contentInsetLeft
com.spirit.community.activity.R$drawable: int abc_vector_test
com.spirit.community.activity.R$id: int action_bar_activity_content
com.spirit.community.activity.R$styleable: int GradientColor_android_startX
com.spirit.community.activity.R$attr: int contentInsetRight
com.spirit.community.activity.R$id: int ifRoom
com.spirit.community.activity.R$dimen: R$dimen()
com.spirit.community.activity.R$style: int Platform_V21_AppCompat_Light
com.spirit.community.activity.R$id: int fill_horizontal
com.spirit.community.activity.R$style: int Base_Widget_AppCompat_TextView_SpinnerItem
com.spirit.community.activity.R$styleable: int ConstraintLayout_placeholder_content
com.spirit.community.activity.R$style: int Widget_AppCompat_ActionBar_Solid
com.spirit.community.activity.R$styleable: int AppCompatTheme_buttonBarStyle
com.spirit.community.activity.R$dimen: int abc_action_button_min_width_overflow_material
com.spirit.community.activity.R$styleable: int MenuView_android_itemBackground
com.spirit.community.activity.R$styleable: int MenuItem_android_visible
com.spirit.community.activity.R$attr: R$attr()
com.spirit.community.activity.R$drawable: int abc_ic_star_half_black_48dp
com.spirit.community.activity.R$attr: int layout_constraintGuide_begin
com.spirit.community.activity.R$styleable: int ConstraintLayout_Layout_layout_constraintHorizontal_chainStyle
com.spirit.community.activity.R$styleable: int ConstraintLayout_Layout_layout_constraintWidth_default
com.spirit.community.activity.R$styleable: int ConstraintSet_layout_constraintHeight_min
com.spirit.community.activity.R$styleable: int[] ButtonBarLayout
com.spirit.community.activity.R$style: int Base_Widget_AppCompat_Light_ActionBar_TabView
...
com.spirit.community.protocol.thrift.login.ClientPasswordLoginReqChecksum$_Fields: com.spirit.community.protocol.thrift.login.ClientPasswordLoginReqChecksum$_Fields USER_ID
com.vilyever.vdcontextholder.R$dimen: int disabled_alpha_material_light
android.support.compat.R$id: int info
android.support.customview.R$drawable: int notification_icon_background
com.vilyever.vdcontextholder.R$styleable: int SwitchCompat_android_thumb
com.spirit.community.protocol.thrift.common.HelloNotify
com.spirit.community.protocol.thrift.login.UserRegisterReq$_Fields: short getThriftFieldId()
android.support.constraint.ConstraintHelper
io.netty.util.internal.ThreadLocalRandom: long pad2
org.apache.thrift.TBase: void clear()
com.vilyever.vdcontextholder.R$drawable: int abc_btn_default_mtrl_shape
android.arch.lifecycle.AndroidViewModel
android.support.graphics.drawable.R$attr: int fontProviderFetchTimeout
android.support.v7.appcompat.R$styleable: R$styleable()
android.support.v7.widget.AppCompatSeekBar: AppCompatSeekBar(android.content.Context,android.util.AttributeSet,int)
pub.devrel.easypermissions.R$style: int Base_Widget_AppCompat_PopupWindow
com.vilyever.socketclient.R$drawable: int abc_control_background_material
android.support.v7.appcompat.R$style: int Widget_AppCompat_RatingBar_Small
android.support.v7.viewpager.R$style
android.support.constraint.Placeholder: void setEmptyVisibility(int)
android.support.swiperefreshlayout.R$drawable: int notification_icon_background
pub.devrel.easypermissions.R$color: int material_blue_grey_800
com.vilyever.socketclient.R$dimen: int commonPadding
com.spirit.community.protocol.thrift.common.SessionTicket$_Fields: com.spirit.community.protocol.thrift.common.SessionTicket$_Fields CLIENT_VERSION
android.support.v7.appcompat.R$drawable: int abc_ic_go_search_api_material
com.vilyever.resource.R$attr: int drawerArrowStyle
com.vilyever.vdcontextholder.R$color: int secondary_text_default_material_dark
pub.devrel.easypermissions.R$attr: int spinnerStyle
com.spirit.community.protocol.thrift.login.ClientPasswordLoginReqChecksum: void unsetPassword()
android.support.v7.appcompat.R$drawable: int abc_btn_switch_to_on_mtrl_00001
com.vilyever.vdcontextholder.R$drawable: int notification_template_icon_bg
com.spirit.community.protocol.thrift.common.ServiceInfo$_Fields: short getThriftFieldId()
com.vilyever.socketclient.R$dimen: int abc_seekbar_track_background_height_material
com.vilyever.resource.R$style: int RtlOverlay_Widget_AppCompat_PopupMenuItem_Text
android.support.coordinatorlayout.R$styleable: int CoordinatorLayout_Layout_layout_keyline
io.netty.util.internal.LongAdderCounter: long value()
android.support.v7.widget.ActionMenuView: void setOverflowReserved(boolean)
com.spirit.community.protocol.thrift.login.ClientPasswordLoginReqChecksum: void readObject(java.io.ObjectInputStream)
pub.devrel.easypermissions.R$layout: int select_dialog_multichoice_material
okio.SegmentedByteString: java.lang.String toString()
com.vilyever.resource.R$string: int abc_action_mode_done
android.support.v7.viewpager.R$styleable: int FontFamilyFont_android_ttcIndex
com.spirit.community.protocol.thrift.common.SessionTicket: boolean isSetNick_name()
org.apache.thrift.transport.TTransportException
android.support.v7.widget.AppCompatAutoCompleteTextView: void setBackgroundResource(int)
pub.devrel.easypermissions.R$styleable: int[] ActionBar
com.vilyever.vdcontextholder.R$attr: int contentInsetStart
android.support.coordinatorlayout.R$styleable: int GradientColor_android_centerColor
com.vilyever.socketclient.R$style: int Base_TextAppearance_AppCompat_Medium
android.support.loader.R$styleable: int GradientColor_android_startY
pub.devrel.easypermissions.R$dimen: int hint_alpha_material_dark
com.vilyever.socketclient.R$styleable: int LinearLayoutCompat_Layout_android_layout_weight
pub.devrel.easypermissions.R$id: int info
com.vilyever.socketclient.R$style: int ThemeOverlay_AppCompat_Light