app/proguard/mapping.txt
# compiler: R8
# compiler_version: 1.5.64
# min_api: 16
# pg_map_id: 1fbcab7
com.spirit.community.activity.CallActivity -> com.spirit.community.activity.CallActivity:
    org.webrtc.SurfaceTextureHelper mSurfaceTextureHelper -> v
    org.webrtc.PeerConnection mPeerConnection -> s
    org.webrtc.EglBase mRootEglBase -> u
    com.spirit.community.rtc.avcall.signal.SignalClient$OnSignalEventListener mOnSignalEventListener -> A
    android.widget.TextView mLogcatView -> r
    java.lang.String mState -> q
    org.webrtc.SurfaceViewRenderer mLocalSurfaceView -> w
    org.webrtc.VideoCapturer mVideoCapturer -> y
    org.webrtc.SurfaceViewRenderer mRemoteSurfaceView -> x
    org.webrtc.PeerConnectionFactory mPeerConnectionFactory -> t
    org.webrtc.PeerConnection$Observer mPeerConnectionObserver -> z
    android.widget.TextView access$1000(com.spirit.community.activity.CallActivity) -> a
    org.webrtc.VideoCapturer createCameraCapturer(org.webrtc.CameraEnumerator) -> a
    org.webrtc.PeerConnectionFactory createPeerConnectionFactory(android.content.Context) -> a
    void logcatOnUI(java.lang.String) -> a
    void doLeave() -> l
    org.webrtc.VideoCapturer createVideoCapturer() -> m
    void hangup() -> n
com.spirit.community.activity.CallActivity$4 -> com.spirit.community.activity.CallActivity$a:
com.spirit.community.activity.CallActivity$5 -> com.spirit.community.activity.CallActivity$b:
    com.spirit.community.activity.CallActivity this$0 -> a
com.spirit.community.activity.CallActivity$6 -> com.spirit.community.activity.CallActivity$c:
    com.spirit.community.activity.CallActivity this$0 -> c
    java.lang.String val$msg -> b
com.spirit.community.activity.LoginActivity -> com.spirit.community.activity.LoginActivity:
    android.widget.Button registerBtn -> v
    android.content.SharedPreferences config -> q
    android.widget.CheckBox rememberPassCheckBox -> r
    java.lang.String uid -> s
    android.widget.Button loginBtn -> u
    java.lang.String passwd -> t
    android.widget.CheckBox access$000(com.spirit.community.activity.LoginActivity) -> a
    java.lang.String access$202(com.spirit.community.activity.LoginActivity,java.lang.String) -> a
    android.content.SharedPreferences access$100(com.spirit.community.activity.LoginActivity) -> b
    java.lang.String access$302(com.spirit.community.activity.LoginActivity,java.lang.String) -> b
    java.lang.String access$200(com.spirit.community.activity.LoginActivity) -> c
    java.lang.String access$300(com.spirit.community.activity.LoginActivity) -> d
    android.widget.Button access$400(com.spirit.community.activity.LoginActivity) -> e
    android.widget.Button access$500(com.spirit.community.activity.LoginActivity) -> f
com.spirit.community.activity.LoginActivity$1 -> com.spirit.community.activity.LoginActivity$a:
    android.widget.EditText val$pwdEdit -> b
    com.spirit.community.activity.LoginActivity this$0 -> c
    android.widget.EditText val$uidEdit -> a
    void onEvent(int,java.lang.Object) -> a
com.spirit.community.activity.LoginActivity$2 -> com.spirit.community.activity.LoginActivity$b:
    android.widget.EditText val$pwdEdit -> c
    android.widget.EditText val$uidEdit -> b
    com.spirit.community.activity.LoginActivity this$0 -> d
com.spirit.community.activity.LoginActivity$3 -> com.spirit.community.activity.LoginActivity$c:
    com.spirit.community.activity.LoginActivity this$0 -> b
com.spirit.community.activity.MainActivity$1 -> com.spirit.community.activity.MainActivity$a:
    com.spirit.community.activity.MainActivity this$0 -> c
    android.widget.EditText val$roomEditText -> b
...
android.support.v7.app.AlertController$AlertParams$2 -> android.support.v7.app.AlertController$f$b:
    android.support.v7.app.AlertController val$dialog -> e
    android.support.v7.app.AlertController$RecycleListView val$listView -> d
    int mLabelIndex -> b
    android.support.v7.app.AlertController$AlertParams this$0 -> f
    int mIsCheckedIndex -> c
android.support.v7.app.AlertController$AlertParams$3 -> android.support.v7.app.AlertController$f$c:
    android.support.v7.app.AlertController val$dialog -> b
    android.support.v7.app.AlertController$AlertParams this$0 -> c
android.support.v7.app.AlertController$AlertParams$4 -> android.support.v7.app.AlertController$f$d:
    android.support.v7.app.AlertController val$dialog -> c
    android.support.v7.app.AlertController$AlertParams this$0 -> d
    android.support.v7.app.AlertController$RecycleListView val$listView -> b
android.support.v7.app.AlertController$AlertParams$OnPrepareListViewListener -> android.support.v7.app.AlertController$f$e:
    void onPrepareListView(android.widget.ListView) -> a
android.support.v7.app.AlertController$ButtonHandler -> android.support.v7.app.AlertController$g:
    java.lang.ref.WeakReference mDialog -> a
android.support.v7.app.AlertController$CheckedItemAdapter -> android.support.v7.app.AlertController$h:
android.support.v7.app.AlertController$RecycleListView -> android.support.v7.app.AlertController$RecycleListView:
    int mPaddingTopNoTitle -> b
    int mPaddingBottomNoButtons -> c
android.support.v7.app.AlertDialog -> android.support.v7.app.b:
    android.support.v7.app.AlertController mAlert -> d
    int resolveDialogTheme(android.content.Context,int) -> a
android.support.v7.app.AlertDialog$Builder -> android.support.v7.app.b$a:
    android.support.v7.app.AlertController$AlertParams P -> a
    int mTheme -> b
    android.support.v7.app.AlertDialog create() -> a
    android.support.v7.app.AlertDialog$Builder setAdapter(android.widget.ListAdapter,android.content.DialogInterface$OnClickListener) -> a
    android.support.v7.app.AlertDialog$Builder setCancelable(boolean) -> a
    android.support.v7.app.AlertDialog$Builder setCustomTitle(android.view.View) -> a
    android.support.v7.app.AlertDialog$Builder setIcon(android.graphics.drawable.Drawable) -> a
    android.support.v7.app.AlertDialog$Builder setMessage(java.lang.CharSequence) -> a
    android.support.v7.app.AlertDialog$Builder setNegativeButton(java.lang.CharSequence,android.content.DialogInterface$OnClickListener) -> a
    android.support.v7.app.AlertDialog$Builder setOnKeyListener(android.content.DialogInterface$OnKeyListener) -> a
    android.content.Context getContext() -> b
    android.support.v7.app.AlertDialog$Builder setPositiveButton(java.lang.CharSequence,android.content.DialogInterface$OnClickListener) -> b
    android.support.v7.app.AlertDialog$Builder setTitle(java.lang.CharSequence) -> b
    android.support.v7.app.AlertDialog show() -> c