app/proguard/unused.txt
com.spirit.community.activity.CallActivity$4
    public void onSignalingChange(org.webrtc.PeerConnection$SignalingState)
    public void onIceConnectionChange(org.webrtc.PeerConnection$IceConnectionState)
    public void onIceConnectionReceivingChange(boolean)
    public void onIceGatheringChange(org.webrtc.PeerConnection$IceGatheringState)
    public void onIceCandidate(org.webrtc.IceCandidate)
    public void onIceCandidatesRemoved(org.webrtc.IceCandidate[])
    public void onAddStream(org.webrtc.MediaStream)
    public void onRemoveStream(org.webrtc.MediaStream)
    public void onDataChannel(org.webrtc.DataChannel)
    public void onRenegotiationNeeded()
    public void onAddTrack(org.webrtc.RtpReceiver,org.webrtc.MediaStream[])
com.spirit.community.activity.BuildConfig
com.spirit.community.activity.CallActivity
    static synthetic void access$900(com.spirit.community.activity.CallActivity)
    private static final int VIDEO_RESOLUTION_WIDTH
    private static final int VIDEO_RESOLUTION_HEIGHT
    private static final int VIDEO_FPS
    private static final java.lang.String TAG
    public static final java.lang.String VIDEO_TRACK_ID
    public static final java.lang.String AUDIO_TRACK_ID
com.spirit.community.activity.CallActivity$3
    public void onCreateSuccess(org.webrtc.SessionDescription)
com.spirit.community.activity.LoginActivity
    private static final java.lang.String TAG
com.spirit.community.activity.CallActivity$2
    public void onCreateSuccess(org.webrtc.SessionDescription)
com.spirit.community.activity.CallActivity$SimpleSdpObserver
    public void onCreateSuccess(org.webrtc.SessionDescription)
    public void onSetSuccess()
    public void onCreateFailure(java.lang.String)
    public void onSetFailure(java.lang.String)
com.spirit.community.activity.CallActivity$5
    private void onRemoteHangup()
com.spirit.community.activity.CallActivity$4
    final synthetic com.spirit.community.activity.CallActivity this$0
com.spirit.community.activity.CallActivity
    private void updateCallState(boolean)
    static synthetic org.webrtc.SurfaceViewRenderer access$000(com.spirit.community.activity.CallActivity)
    static synthetic org.webrtc.PeerConnection access$100(com.spirit.community.activity.CallActivity)
    static synthetic void access$200(com.spirit.community.activity.CallActivity,java.lang.String)
    static synthetic java.lang.String access$302(com.spirit.community.activity.CallActivity,java.lang.String)
    static synthetic org.webrtc.PeerConnection access$102(com.spirit.community.activity.CallActivity,org.webrtc.PeerConnection)
    static synthetic java.lang.String access$300(com.spirit.community.activity.CallActivity)
    static synthetic org.webrtc.SurfaceViewRenderer access$400(com.spirit.community.activity.CallActivity)
    static synthetic org.webrtc.SurfaceViewRenderer access$402(com.spirit.community.activity.CallActivity,org.webrtc.SurfaceViewRenderer)
    static synthetic org.webrtc.SurfaceViewRenderer access$002(com.spirit.community.activity.CallActivity,org.webrtc.SurfaceViewRenderer)
    static synthetic org.webrtc.VideoCapturer access$500(com.spirit.community.activity.CallActivity)
    static synthetic org.webrtc.VideoCapturer access$502(com.spirit.community.activity.CallActivity,org.webrtc.VideoCapturer)
    static synthetic org.webrtc.SurfaceTextureHelper access$600(com.spirit.community.activity.CallActivity)
com.spirit.community.activity.RegisterActivity
    private android.widget.EditText identityCardEdit
com.spirit.community.activity.CallActivity$3
com.spirit.community.activity.CallActivity$SimpleSdpObserver
com.spirit.community.activity.CallActivity$2
...
okhttp3.ResponseBody
    public static okhttp3.ResponseBody create(okhttp3.MediaType,java.lang.String)
    public final java.io.InputStream byteStream()
    public final java.io.Reader charStream()
    private java.io.Reader reader
com.spirit.community.protocol.thrift.common.ServiceAddr
    private static final int __PORT_ISSET_ID
io.netty.resolver.dns.DefaultAuthoritativeDnsServerCache$1
io.netty.handler.codec.Delimiters
io.netty.util.concurrent.PromiseCombiner$1
android.support.v4.hardware.fingerprint.FingerprintManagerCompat$1
io.netty.channel.epoll.EpollServerSocketChannel
io.netty.handler.ssl.SslContext$1
io.netty.handler.timeout.ReadTimeoutException
io.netty.resolver.dns.DnsNameResolver
io.netty.channel.kqueue.AbstractKQueueStreamChannel
io.netty.resolver.dns.DefaultDnsCnameCache
android.support.v7.app.ActionBar$TabListener
io.netty.handler.codec.mqtt.MqttConnectPayload
android.support.v4.os.IResultReceiver$Stub$Proxy
    public java.lang.String getInterfaceDescriptor()
    public void send(int,android.os.Bundle)
io.netty.handler.codec.spdy.SpdySessionHandler$ClosingChannelFutureListener
io.netty.handler.codec.http2.DefaultHttp2Connection$ActiveStreams
com.alibaba.fastjson.serializer.SerializeWriter
    public varargs void <init>(com.alibaba.fastjson.serializer.SerializerFeature[])
    public varargs void <init>(java.io.Writer,com.alibaba.fastjson.serializer.SerializerFeature[])
    public void <init>(int)
    public void <init>(java.io.Writer,int)
    private void writeEnumFieldValue(char,java.lang.String,java.lang.String)
    public int getMaxBufSize()
    public void setMaxBufSize(int)
    public int getBufferLength()
    public boolean isSortField()
    public boolean isNotWriteDefaultValue()
    public void writeTo(java.io.Writer)
    public void writeTo(java.io.OutputStream,java.lang.String)
    public void writeTo(java.io.OutputStream,java.nio.charset.Charset)
    public char[] toCharArray()
    public char[] toCharArrayForSpringWebSocket()
    public byte[] toBytes(java.lang.String)
    public int size()
    public void writeLongAndChar(long,char)
    public void writeStringWithDoubleQuote(char[],char)
    public void writeFieldNameDirect(java.lang.String)
    public void write(java.util.List)
    public void writeFieldValue(char,java.lang.String,char)
    public void writeFieldValue(char,java.lang.String,boolean)
    public void writeFieldValue(char,java.lang.String,float)
    public void writeFieldValueStringWithDoubleQuote(char,java.lang.String,java.lang.String)
    public void writeFieldValue(char,java.lang.String,java.lang.Enum)
    public void writeFieldValue(char,java.lang.String,java.math.BigDecimal)
io.netty.handler.codec.HeadersUtils$CharSequenceDelegatingStringSet
io.netty.util.internal.SocketUtils$12
io.netty.handler.ssl.OpenSslPrivateKeyMethod
android.arch.lifecycle.MediatorLiveData$Source
io.socket.client.On
    private void <init>()
android.support.v4.os.ParcelCompat
io.netty.handler.ssl.IdentityCipherSuiteFilter
io.netty.handler.codec.http.websocketx.extensions.WebSocketServerExtensionHandshaker
io.netty.channel.kqueue.AbstractKQueueStreamChannel$KQueueStreamUnsafe
io.netty.handler.codec.socks.SocksInitRequestDecoder$State
io.netty.handler.codec.smtp.LastSmtpContent
io.netty.handler.codec.socksx.SocksPortUnificationServerHandler
io.netty.handler.codec.socksx.v5.Socks5InitialRequestDecoder$1
io.netty.handler.codec.compression.Crc32c